13:04:10.913 [main] DEBUG org.testng.TestNG - suiteXmlPath: "D:\RaghuJavaProject\HealthCareService\Master.xml"
13:04:11.158 [main] INFO  org.testng.internal.Utils - [TestNG] Running:
  D:\RaghuJavaProject\HealthCareService\Master.xml

13:04:15.967 [main] INFO  TestCases.TC_001LoginTest - ***** starting TC_002LoginTest*****
13:04:15.984 [main] INFO  TestCases.TC_001LoginTest - click on makeappointment button
13:04:16.388 [main] INFO  TestCases.TC_001LoginTest - enter username
13:04:16.487 [main] INFO  TestCases.TC_001LoginTest - enter password
13:04:16.632 [main] INFO  TestCases.TC_001LoginTest - click on login button
13:04:17.208 [main] INFO  TestCases.TC_001LoginTest - accept alert popup
13:04:17.234 [main] INFO  TestCases.TC_001LoginTest - confirmation text is displayed or not
13:04:17.271 [main] INFO  TestCases.TC_001LoginTest - click on bars
13:04:17.320 [main] INFO  TestCases.TC_001LoginTest - click on logout button
13:04:18.320 [main] INFO  TestCases.TC_001LoginTest - ***** ending TC_002LoginTest*****
13:09:00.584 [main] DEBUG org.testng.TestNG - suiteXmlPath: "D:\RaghuJavaProject\HealthCareService\Master.xml"
13:09:00.864 [main] INFO  org.testng.internal.Utils - [TestNG] Running:
  D:\RaghuJavaProject\HealthCareService\Master.xml

13:09:06.196 [main] INFO  TestCases.TC_001LoginTest - ***** starting TC_002LoginTest*****
13:09:06.211 [main] INFO  TestCases.TC_001LoginTest - click on makeappointment button
13:09:06.638 [main] INFO  TestCases.TC_001LoginTest - enter username
13:09:06.733 [main] INFO  TestCases.TC_001LoginTest - enter password
13:09:06.828 [main] INFO  TestCases.TC_001LoginTest - click on login button
13:09:07.427 [main] INFO  TestCases.TC_001LoginTest - accept alert popup
13:09:07.439 [main] INFO  TestCases.TC_001LoginTest - confirmation text is displayed or not
13:09:07.507 [main] INFO  TestCases.TC_001LoginTest - click on bars
13:09:07.576 [main] INFO  TestCases.TC_001LoginTest - click on logout button
13:09:08.574 [main] INFO  TestCases.TC_001LoginTest - ***** ending TC_002LoginTest*****
15:35:23.093 [main] DEBUG org.testng.TestNG - suiteXmlPath: "D:\RaghuJavaProject\HealthCareService\AllMasterxml"
15:40:35.244 [main] DEBUG org.testng.TestNG - suiteXmlPath: "D:\RaghuJavaProject\HealthCareService\AllMaster.xml"
15:41:53.956 [main] DEBUG org.testng.TestNG - suiteXmlPath: "D:\RaghuJavaProject\HealthCareService\AllMaster.xml"
15:41:54.244 [main] INFO  org.testng.internal.Utils - [TestNG] Running:
  D:\RaghuJavaProject\HealthCareService\AllMaster.xml

15:42:01.816 [main] INFO  TestCases.TC_001LoginTest - ***** starting TC_002LoginTest*****
15:42:01.837 [main] INFO  TestCases.TC_001LoginTest - click on makeappointment button
15:42:02.661 [main] INFO  TestCases.TC_001LoginTest - enter username
15:42:02.870 [main] INFO  TestCases.TC_001LoginTest - enter password
15:42:03.064 [main] INFO  TestCases.TC_001LoginTest - click on login button
15:42:04.470 [main] INFO  TestCases.TC_001LoginTest - accept alert popup
15:42:04.483 [main] INFO  TestCases.TC_001LoginTest - confirmation text is displayed or not
15:42:14.552 [main] INFO  TestCases.TC_001LoginTest - click on bars
15:42:14.674 [main] INFO  TestCases.TC_001LoginTest - click on logout button
15:42:24.719 [main] INFO  TestCases.TC_001LoginTest - test fails
15:42:24.719 [main] DEBUG TestCases.TC_001LoginTest - debug Test logs...
15:46:49.987 [main] DEBUG org.testng.TestNG - suiteXmlPath: "D:\RaghuJavaProject\HealthCareService\AllMaster.xml"
15:46:50.265 [main] INFO  org.testng.internal.Utils - [TestNG] Running:
  D:\RaghuJavaProject\HealthCareService\AllMaster.xml

15:46:59.205 [main] INFO  TestCases.TC_001LoginTest - ***** starting TC_002LoginTest*****
15:46:59.244 [main] INFO  TestCases.TC_001LoginTest - click on makeappointment button
15:46:59.784 [main] INFO  TestCases.TC_001LoginTest - enter username
15:46:59.980 [main] INFO  TestCases.TC_001LoginTest - enter password
15:47:00.197 [main] INFO  TestCases.TC_001LoginTest - click on login button
15:47:01.009 [main] INFO  TestCases.TC_001LoginTest - accept alert popup
15:47:01.057 [main] INFO  TestCases.TC_001LoginTest - confirmation text is displayed or not
15:47:01.106 [main] INFO  TestCases.TC_001LoginTest - click on bars
15:47:01.176 [main] INFO  TestCases.TC_001LoginTest - click on logout button
16:49:50.734 [main] DEBUG org.testng.TestNG - suiteXmlPath: "D:\RaghuJavaProject\HealthCareService\AllMaster.xml"
16:49:51.065 [main] INFO  org.testng.internal.Utils - [TestNG] Running:
  D:\RaghuJavaProject\HealthCareService\AllMaster.xml

16:49:59.961 [main] INFO  TestCases.TC_001LoginTest - ***** starting TC_002LoginTest*****
16:50:00.033 [main] INFO  TestCases.TC_001LoginTest - click on makeappointment button
16:50:00.561 [main] INFO  TestCases.TC_001LoginTest - enter username
16:50:00.665 [main] INFO  TestCases.TC_001LoginTest - enter password
16:50:00.789 [main] INFO  TestCases.TC_001LoginTest - click on login button
16:50:01.379 [main] INFO  TestCases.TC_001LoginTest - accept alert popup
16:50:01.392 [main] INFO  TestCases.TC_001LoginTest - confirmation text is displayed or not
16:50:01.521 [main] INFO  TestCases.TC_001LoginTest - click on bars
16:50:01.659 [main] INFO  TestCases.TC_001LoginTest - click on logout button
16:50:02.354 [main] INFO  TestCases.TC_001LoginTest - ***** ending TC_002LoginTest*****
17:12:03.295 [main] DEBUG org.testng.TestNG - suiteXmlPath: "D:\RaghuJavaProject\HealthCareService\crossbrowsering.xml"
17:12:03.657 [main] INFO  org.testng.internal.Utils - [TestNG] Running:
  D:\RaghuJavaProject\HealthCareService\crossbrowsering.xml

17:12:12.716 [main] INFO  TestCases.TC_002MakeAppoinment - ***** starting TC_002MakeAppoinment*****
17:12:12.761 [main] INFO  TestCases.TC_002MakeAppoinment - click on makeappointment button
17:12:13.347 [main] INFO  TestCases.TC_002MakeAppoinment - enter username
17:12:13.527 [main] INFO  TestCases.TC_002MakeAppoinment - enter password
17:12:13.680 [main] INFO  TestCases.TC_002MakeAppoinment - click on login button
17:12:14.406 [main] INFO  TestCases.TC_002MakeAppoinment - accept alert popup
17:12:14.441 [main] INFO  TestCases.TC_002MakeAppoinment - select drop drown
17:12:14.638 [main] INFO  TestCases.TC_002MakeAppoinment - click on readmission
17:12:14.811 [main] INFO  TestCases.TC_002MakeAppoinment - select mouth,year and date in calender popup
17:12:15.573 [main] INFO  TestCases.TC_002MakeAppoinment - enter comment
17:12:15.713 [main] INFO  TestCases.TC_002MakeAppoinment - click on bookappointment button
17:12:16.097 [main] INFO  TestCases.TC_002MakeAppoinment - confirmation text is displayed or not
17:12:16.231 [main] INFO  TestCases.TC_002MakeAppoinment - click on bars
17:12:16.335 [main] INFO  TestCases.TC_002MakeAppoinment - click on logout button
17:12:17.012 [main] INFO  TestCases.TC_002MakeAppoinment - ***** ending TC_002MakeAppoinment*****
17:12:29.808 [main] INFO  TestCases.TC_002MakeAppoinment - ***** starting TC_002MakeAppoinment*****
17:12:29.808 [main] INFO  TestCases.TC_002MakeAppoinment - click on makeappointment button
17:12:30.626 [main] INFO  TestCases.TC_002MakeAppoinment - enter username
17:12:30.794 [main] INFO  TestCases.TC_002MakeAppoinment - enter password
17:12:31.070 [main] INFO  TestCases.TC_002MakeAppoinment - click on login button
17:12:33.158 [main] INFO  TestCases.TC_002MakeAppoinment - accept alert popup
17:12:33.208 [main] INFO  TestCases.TC_002MakeAppoinment - select drop drown
17:12:33.402 [main] INFO  TestCases.TC_002MakeAppoinment - click on readmission
17:12:33.519 [main] INFO  TestCases.TC_002MakeAppoinment - select mouth,year and date in calender popup
17:12:34.294 [main] INFO  TestCases.TC_002MakeAppoinment - enter comment
17:12:34.428 [main] INFO  TestCases.TC_002MakeAppoinment - click on bookappointment button
17:12:34.824 [main] INFO  TestCases.TC_002MakeAppoinment - confirmation text is displayed or not
17:12:34.983 [main] INFO  TestCases.TC_002MakeAppoinment - click on bars
17:12:35.148 [main] INFO  TestCases.TC_002MakeAppoinment - click on logout button
17:12:35.821 [main] INFO  TestCases.TC_002MakeAppoinment - ***** ending TC_002MakeAppoinment*****
17:13:31.195 [main] DEBUG org.testng.TestNG - suiteXmlPath: "D:\RaghuJavaProject\HealthCareService\crossbrowsering.xml"
17:13:31.558 [main] INFO  org.testng.internal.Utils - [TestNG] Running:
  D:\RaghuJavaProject\HealthCareService\crossbrowsering.xml

17:13:38.414 [main] INFO  TestCases.TC_002MakeAppoinment - ***** starting TC_002MakeAppoinment*****
17:13:38.436 [main] INFO  TestCases.TC_002MakeAppoinment - click on makeappointment button
17:13:38.899 [main] INFO  TestCases.TC_002MakeAppoinment - enter username
17:13:39.050 [main] INFO  TestCases.TC_002MakeAppoinment - enter password
17:13:39.228 [main] INFO  TestCases.TC_002MakeAppoinment - click on login button
17:13:39.793 [main] INFO  TestCases.TC_002MakeAppoinment - accept alert popup
17:13:39.874 [main] INFO  TestCases.TC_002MakeAppoinment - select drop drown
17:13:40.036 [main] INFO  TestCases.TC_002MakeAppoinment - click on readmission
17:13:40.095 [main] INFO  TestCases.TC_002MakeAppoinment - select mouth,year and date in calender popup
17:13:40.526 [main] INFO  TestCases.TC_002MakeAppoinment - enter comment
17:13:40.652 [main] INFO  TestCases.TC_002MakeAppoinment - click on bookappointment button
17:13:41.567 [main] INFO  TestCases.TC_002MakeAppoinment - confirmation text is displayed or not
17:13:41.631 [main] INFO  TestCases.TC_002MakeAppoinment - click on bars
17:13:41.734 [main] INFO  TestCases.TC_002MakeAppoinment - click on logout button
17:13:42.353 [main] INFO  TestCases.TC_002MakeAppoinment - ***** ending TC_002MakeAppoinment*****
17:13:56.725 [main] INFO  TestCases.TC_002MakeAppoinment - ***** starting TC_002MakeAppoinment*****
17:13:56.730 [main] INFO  TestCases.TC_002MakeAppoinment - click on makeappointment button
17:13:57.441 [main] INFO  TestCases.TC_002MakeAppoinment - enter username
17:13:57.678 [main] INFO  TestCases.TC_002MakeAppoinment - enter password
17:13:57.831 [main] INFO  TestCases.TC_002MakeAppoinment - click on login button
17:13:58.605 [main] INFO  TestCases.TC_002MakeAppoinment - accept alert popup
17:13:58.612 [main] INFO  TestCases.TC_002MakeAppoinment - select drop drown
17:13:58.796 [main] INFO  TestCases.TC_002MakeAppoinment - click on readmission
17:13:58.903 [main] INFO  TestCases.TC_002MakeAppoinment - select mouth,year and date in calender popup
17:13:59.590 [main] INFO  TestCases.TC_002MakeAppoinment - enter comment
17:13:59.790 [main] INFO  TestCases.TC_002MakeAppoinment - click on bookappointment button
17:14:00.172 [main] INFO  TestCases.TC_002MakeAppoinment - confirmation text is displayed or not
17:14:00.260 [main] INFO  TestCases.TC_002MakeAppoinment - click on bars
17:14:00.343 [main] INFO  TestCases.TC_002MakeAppoinment - click on logout button
17:14:01.003 [main] INFO  TestCases.TC_002MakeAppoinment - ***** ending TC_002MakeAppoinment*****
17:26:15.343 [main] DEBUG org.testng.TestNG - suiteXmlPath: "D:\RaghuJavaProject\HealthCareService\crossbrowsering.xml"
17:26:15.703 [main] INFO  org.testng.internal.Utils - [TestNG] Running:
  D:\RaghuJavaProject\HealthCareService\crossbrowsering.xml

17:26:21.319 [main] INFO  TestCases.TC_002MakeAppoinment - ***** starting TC_002MakeAppoinment*****
17:26:21.339 [main] INFO  TestCases.TC_002MakeAppoinment - click on makeappointment button
17:26:23.416 [main] INFO  TestCases.TC_002MakeAppoinment - enter username
17:26:23.586 [main] INFO  TestCases.TC_002MakeAppoinment - enter password
17:26:23.736 [main] INFO  TestCases.TC_002MakeAppoinment - click on login button
17:26:24.502 [main] INFO  TestCases.TC_002MakeAppoinment - accept alert popup
17:26:24.523 [main] INFO  TestCases.TC_002MakeAppoinment - select drop drown
17:26:24.671 [main] INFO  TestCases.TC_002MakeAppoinment - click on readmission
17:26:24.734 [main] INFO  TestCases.TC_002MakeAppoinment - select mouth,year and date in calender popup
17:26:25.165 [main] INFO  TestCases.TC_002MakeAppoinment - enter comment
17:26:25.302 [main] INFO  TestCases.TC_002MakeAppoinment - click on bookappointment button
17:26:25.629 [main] INFO  TestCases.TC_002MakeAppoinment - confirmation text is displayed or not
17:26:25.744 [main] INFO  TestCases.TC_002MakeAppoinment - click on bars
17:26:25.847 [main] INFO  TestCases.TC_002MakeAppoinment - click on logout button
17:26:26.453 [main] INFO  TestCases.TC_002MakeAppoinment - ***** ending TC_002MakeAppoinment*****
17:26:39.607 [main] INFO  TestCases.TC_002MakeAppoinment - ***** starting TC_002MakeAppoinment*****
17:26:39.607 [main] INFO  TestCases.TC_002MakeAppoinment - click on makeappointment button
17:26:41.263 [main] INFO  TestCases.TC_002MakeAppoinment - enter username
17:26:41.479 [main] INFO  TestCases.TC_002MakeAppoinment - enter password
17:26:41.658 [main] INFO  TestCases.TC_002MakeAppoinment - click on login button
17:26:42.502 [main] INFO  TestCases.TC_002MakeAppoinment - accept alert popup
17:26:42.505 [main] INFO  TestCases.TC_002MakeAppoinment - select drop drown
17:26:42.691 [main] INFO  TestCases.TC_002MakeAppoinment - click on readmission
17:26:42.829 [main] INFO  TestCases.TC_002MakeAppoinment - select mouth,year and date in calender popup
17:26:43.532 [main] INFO  TestCases.TC_002MakeAppoinment - enter comment
17:26:43.714 [main] INFO  TestCases.TC_002MakeAppoinment - click on bookappointment button
17:26:44.259 [main] INFO  TestCases.TC_002MakeAppoinment - confirmation text is displayed or not
17:26:44.328 [main] INFO  TestCases.TC_002MakeAppoinment - click on bars
17:26:44.442 [main] INFO  TestCases.TC_002MakeAppoinment - click on logout button
17:26:45.326 [main] INFO  TestCases.TC_002MakeAppoinment - ***** ending TC_002MakeAppoinment*****
17:38:55.600 [main] DEBUG org.testng.TestNG - suiteXmlPath: "D:\RaghuJavaProject\HealthCareService\crossbrowsering.xml"
17:38:56.013 [main] INFO  org.testng.internal.Utils - [TestNG] Running:
  D:\RaghuJavaProject\HealthCareService\crossbrowsering.xml

17:39:04.873 [main] INFO  TestCases.TC_002MakeAppoinment - ***** starting TC_002MakeAppoinment*****
17:39:04.920 [main] INFO  TestCases.TC_002MakeAppoinment - click on makeappointment button
17:39:05.461 [main] INFO  TestCases.TC_002MakeAppoinment - enter username
17:39:05.608 [main] INFO  TestCases.TC_002MakeAppoinment - enter password
17:39:05.788 [main] INFO  TestCases.TC_002MakeAppoinment - click on login button
17:39:06.934 [main] INFO  TestCases.TC_002MakeAppoinment - accept alert popup
17:39:06.972 [main] INFO  TestCases.TC_002MakeAppoinment - select drop drown
17:39:07.175 [main] INFO  TestCases.TC_002MakeAppoinment - click on readmission
17:39:07.287 [main] INFO  TestCases.TC_002MakeAppoinment - select mouth,year and date in calender popup
17:39:07.740 [main] INFO  TestCases.TC_002MakeAppoinment - enter comment
17:39:07.911 [main] INFO  TestCases.TC_002MakeAppoinment - click on bookappointment button
17:39:08.250 [main] INFO  TestCases.TC_002MakeAppoinment - confirmation text is displayed or not
17:39:08.400 [main] INFO  TestCases.TC_002MakeAppoinment - click on bars
17:39:08.539 [main] INFO  TestCases.TC_002MakeAppoinment - click on logout button
17:39:09.188 [main] INFO  TestCases.TC_002MakeAppoinment - ***** ending TC_002MakeAppoinment*****
17:39:20.523 [main] INFO  TestCases.TC_002MakeAppoinment - ***** starting TC_002MakeAppoinment*****
17:39:20.523 [main] INFO  TestCases.TC_002MakeAppoinment - click on makeappointment button
17:39:21.126 [main] INFO  TestCases.TC_002MakeAppoinment - enter username
17:39:21.296 [main] INFO  TestCases.TC_002MakeAppoinment - enter password
17:39:21.453 [main] INFO  TestCases.TC_002MakeAppoinment - click on login button
17:39:22.133 [main] INFO  TestCases.TC_002MakeAppoinment - accept alert popup
17:39:22.139 [main] INFO  TestCases.TC_002MakeAppoinment - select drop drown
17:39:22.371 [main] INFO  TestCases.TC_002MakeAppoinment - click on readmission
17:39:22.461 [main] INFO  TestCases.TC_002MakeAppoinment - select mouth,year and date in calender popup
17:39:22.931 [main] INFO  TestCases.TC_002MakeAppoinment - enter comment
17:39:23.072 [main] INFO  TestCases.TC_002MakeAppoinment - click on bookappointment button
17:39:23.459 [main] INFO  TestCases.TC_002MakeAppoinment - confirmation text is displayed or not
17:39:23.536 [main] INFO  TestCases.TC_002MakeAppoinment - click on bars
17:39:23.613 [main] INFO  TestCases.TC_002MakeAppoinment - click on logout button
17:39:24.219 [main] INFO  TestCases.TC_002MakeAppoinment - ***** ending TC_002MakeAppoinment*****
17:45:31.572 [main] DEBUG org.testng.TestNG - suiteXmlPath: "D:\RaghuJavaProject\HealthCareService\crossbrowsering.xml"
17:45:31.887 [main] INFO  org.testng.internal.Utils - [TestNG] Running:
  D:\RaghuJavaProject\HealthCareService\crossbrowsering.xml

17:45:40.593 [main] INFO  TestCases.TC_002MakeAppoinment - ***** starting TC_002MakeAppoinment*****
17:45:40.634 [main] INFO  TestCases.TC_002MakeAppoinment - click on makeappointment button
17:45:41.148 [main] INFO  TestCases.TC_002MakeAppoinment - enter username
17:45:41.337 [main] INFO  TestCases.TC_002MakeAppoinment - enter password
17:45:41.547 [main] INFO  TestCases.TC_002MakeAppoinment - click on login button
17:45:42.718 [main] INFO  TestCases.TC_002MakeAppoinment - accept alert popup
17:45:42.745 [main] INFO  TestCases.TC_002MakeAppoinment - select drop drown
17:45:42.947 [main] INFO  TestCases.TC_002MakeAppoinment - click on readmission
17:45:43.031 [main] INFO  TestCases.TC_002MakeAppoinment - select mouth,year and date in calender popup
17:45:43.532 [main] INFO  TestCases.TC_002MakeAppoinment - enter comment
17:45:43.675 [main] INFO  TestCases.TC_002MakeAppoinment - click on bookappointment button
17:45:44.047 [main] INFO  TestCases.TC_002MakeAppoinment - confirmation text is displayed or not
17:45:44.147 [main] INFO  TestCases.TC_002MakeAppoinment - click on bars
17:45:44.266 [main] INFO  TestCases.TC_002MakeAppoinment - click on logout button
17:45:44.860 [main] INFO  TestCases.TC_002MakeAppoinment - ***** ending TC_002MakeAppoinment*****
17:45:55.456 [main] INFO  TestCases.TC_002MakeAppoinment - ***** starting TC_002MakeAppoinment*****
17:45:55.456 [main] INFO  TestCases.TC_002MakeAppoinment - click on makeappointment button
17:45:56.330 [main] INFO  TestCases.TC_002MakeAppoinment - enter username
17:45:56.461 [main] INFO  TestCases.TC_002MakeAppoinment - enter password
17:45:56.629 [main] INFO  TestCases.TC_002MakeAppoinment - click on login button
17:45:57.412 [main] INFO  TestCases.TC_002MakeAppoinment - accept alert popup
17:45:57.433 [main] INFO  TestCases.TC_002MakeAppoinment - select drop drown
17:45:57.606 [main] INFO  TestCases.TC_002MakeAppoinment - click on readmission
17:45:57.701 [main] INFO  TestCases.TC_002MakeAppoinment - select mouth,year and date in calender popup
17:45:58.279 [main] INFO  TestCases.TC_002MakeAppoinment - enter comment
17:45:58.492 [main] INFO  TestCases.TC_002MakeAppoinment - click on bookappointment button
17:45:59.037 [main] INFO  TestCases.TC_002MakeAppoinment - confirmation text is displayed or not
17:45:59.092 [main] INFO  TestCases.TC_002MakeAppoinment - click on bars
17:45:59.170 [main] INFO  TestCases.TC_002MakeAppoinment - click on logout button
17:45:59.974 [main] INFO  TestCases.TC_002MakeAppoinment - ***** ending TC_002MakeAppoinment*****
17:46:44.365 [main] DEBUG org.testng.TestNG - suiteXmlPath: "D:\RaghuJavaProject\HealthCareService\crossbrowsering.xml"
17:46:44.659 [main] INFO  org.testng.internal.Utils - [TestNG] Running:
  D:\RaghuJavaProject\HealthCareService\crossbrowsering.xml

17:46:51.482 [main] INFO  TestCases.TC_002MakeAppoinment - ***** starting TC_002MakeAppoinment*****
17:46:51.495 [main] INFO  TestCases.TC_002MakeAppoinment - click on makeappointment button
17:46:51.945 [main] INFO  TestCases.TC_002MakeAppoinment - enter username
17:46:52.113 [main] INFO  TestCases.TC_002MakeAppoinment - enter password
17:46:52.290 [main] INFO  TestCases.TC_002MakeAppoinment - click on login button
17:46:52.862 [main] INFO  TestCases.TC_002MakeAppoinment - accept alert popup
17:46:52.910 [main] INFO  TestCases.TC_002MakeAppoinment - select drop drown
17:46:53.112 [main] INFO  TestCases.TC_002MakeAppoinment - click on readmission
17:46:53.211 [main] INFO  TestCases.TC_002MakeAppoinment - select mouth,year and date in calender popup
17:46:53.816 [main] INFO  TestCases.TC_002MakeAppoinment - enter comment
17:46:53.946 [main] INFO  TestCases.TC_002MakeAppoinment - click on bookappointment button
17:46:55.018 [main] INFO  TestCases.TC_002MakeAppoinment - confirmation text is displayed or not
17:46:55.082 [main] INFO  TestCases.TC_002MakeAppoinment - click on bars
17:46:55.221 [main] INFO  TestCases.TC_002MakeAppoinment - click on logout button
17:46:56.187 [main] INFO  TestCases.TC_002MakeAppoinment - ***** ending TC_002MakeAppoinment*****
17:47:07.561 [main] INFO  TestCases.TC_002MakeAppoinment - ***** starting TC_002MakeAppoinment*****
17:47:07.562 [main] INFO  TestCases.TC_002MakeAppoinment - click on makeappointment button
17:47:08.130 [main] INFO  TestCases.TC_002MakeAppoinment - enter username
17:47:08.309 [main] INFO  TestCases.TC_002MakeAppoinment - enter password
17:47:08.461 [main] INFO  TestCases.TC_002MakeAppoinment - click on login button
17:47:09.701 [main] INFO  TestCases.TC_002MakeAppoinment - accept alert popup
17:47:09.727 [main] INFO  TestCases.TC_002MakeAppoinment - select drop drown
17:47:09.894 [main] INFO  TestCases.TC_002MakeAppoinment - click on readmission
17:47:09.993 [main] INFO  TestCases.TC_002MakeAppoinment - select mouth,year and date in calender popup
17:47:10.593 [main] INFO  TestCases.TC_002MakeAppoinment - enter comment
17:47:10.724 [main] INFO  TestCases.TC_002MakeAppoinment - click on bookappointment button
17:47:11.109 [main] INFO  TestCases.TC_002MakeAppoinment - confirmation text is displayed or not
17:47:11.242 [main] INFO  TestCases.TC_002MakeAppoinment - click on bars
17:47:11.350 [main] INFO  TestCases.TC_002MakeAppoinment - click on logout button
17:47:11.930 [main] INFO  TestCases.TC_002MakeAppoinment - ***** ending TC_002MakeAppoinment*****
17:48:16.796 [main] DEBUG org.testng.TestNG - suiteXmlPath: "D:\RaghuJavaProject\HealthCareService\crossbrowsering.xml"
17:48:17.134 [main] INFO  org.testng.internal.Utils - [TestNG] Running:
  D:\RaghuJavaProject\HealthCareService\crossbrowsering.xml

17:48:23.007 [main] INFO  TestCases.TC_002MakeAppoinment - ***** starting TC_002MakeAppoinment*****
17:48:23.024 [main] INFO  TestCases.TC_002MakeAppoinment - click on makeappointment button
17:48:25.336 [main] INFO  TestCases.TC_002MakeAppoinment - enter username
17:48:25.480 [main] INFO  TestCases.TC_002MakeAppoinment - enter password
17:48:25.637 [main] INFO  TestCases.TC_002MakeAppoinment - click on login button
17:48:27.400 [main] INFO  TestCases.TC_002MakeAppoinment - accept alert popup
17:48:27.442 [main] INFO  TestCases.TC_002MakeAppoinment - select drop drown
17:48:27.637 [main] INFO  TestCases.TC_002MakeAppoinment - click on readmission
17:48:27.752 [main] INFO  TestCases.TC_002MakeAppoinment - select mouth,year and date in calender popup
17:48:28.282 [main] INFO  TestCases.TC_002MakeAppoinment - enter comment
17:48:28.482 [main] INFO  TestCases.TC_002MakeAppoinment - click on bookappointment button
17:48:28.821 [main] INFO  TestCases.TC_002MakeAppoinment - confirmation text is displayed or not
17:48:28.951 [main] INFO  TestCases.TC_002MakeAppoinment - click on bars
17:48:29.102 [main] INFO  TestCases.TC_002MakeAppoinment - click on logout button
17:48:29.769 [main] INFO  TestCases.TC_002MakeAppoinment - ***** ending TC_002MakeAppoinment*****
17:48:40.497 [main] INFO  TestCases.TC_002MakeAppoinment - ***** starting TC_002MakeAppoinment*****
17:48:40.498 [main] INFO  TestCases.TC_002MakeAppoinment - click on makeappointment button
17:48:40.975 [main] INFO  TestCases.TC_002MakeAppoinment - enter username
17:48:41.139 [main] INFO  TestCases.TC_002MakeAppoinment - enter password
17:48:41.296 [main] INFO  TestCases.TC_002MakeAppoinment - click on login button
17:48:41.941 [main] INFO  TestCases.TC_002MakeAppoinment - accept alert popup
17:48:41.949 [main] INFO  TestCases.TC_002MakeAppoinment - select drop drown
17:48:42.106 [main] INFO  TestCases.TC_002MakeAppoinment - click on readmission
17:48:42.187 [main] INFO  TestCases.TC_002MakeAppoinment - select mouth,year and date in calender popup
17:48:42.706 [main] INFO  TestCases.TC_002MakeAppoinment - enter comment
17:48:42.854 [main] INFO  TestCases.TC_002MakeAppoinment - click on bookappointment button
17:48:43.928 [main] INFO  TestCases.TC_002MakeAppoinment - confirmation text is displayed or not
17:48:43.998 [main] INFO  TestCases.TC_002MakeAppoinment - click on bars
17:48:44.122 [main] INFO  TestCases.TC_002MakeAppoinment - click on logout button
17:48:44.807 [main] INFO  TestCases.TC_002MakeAppoinment - ***** ending TC_002MakeAppoinment*****
17:50:12.434 [main] DEBUG org.testng.TestNG - suiteXmlPath: "D:\RaghuJavaProject\HealthCareService\crossbrowsering.xml"
17:50:12.756 [main] INFO  org.testng.internal.Utils - [TestNG] Running:
  D:\RaghuJavaProject\HealthCareService\crossbrowsering.xml

17:50:20.567 [main] INFO  TestCases.TC_001LoginTest - ***** starting TC_002LoginTest*****
17:50:20.613 [main] INFO  TestCases.TC_001LoginTest - click on makeappointment button
17:50:21.127 [main] INFO  TestCases.TC_001LoginTest - enter username
17:50:21.334 [main] INFO  TestCases.TC_001LoginTest - enter password
17:50:21.484 [main] INFO  TestCases.TC_001LoginTest - click on login button
17:50:22.118 [main] INFO  TestCases.TC_001LoginTest - accept alert popup
17:50:22.142 [main] INFO  TestCases.TC_001LoginTest - confirmation text is displayed or not
17:50:22.199 [main] INFO  TestCases.TC_001LoginTest - click on bars
17:50:22.299 [main] INFO  TestCases.TC_001LoginTest - click on logout button
17:50:23.528 [main] INFO  TestCases.TC_001LoginTest - ***** ending TC_002LoginTest*****
17:50:34.680 [main] INFO  TestCases.TC_001LoginTest - ***** starting TC_002LoginTest*****
17:50:34.680 [main] INFO  TestCases.TC_001LoginTest - click on makeappointment button
17:50:35.147 [main] INFO  TestCases.TC_001LoginTest - enter username
17:50:35.282 [main] INFO  TestCases.TC_001LoginTest - enter password
17:50:35.439 [main] INFO  TestCases.TC_001LoginTest - click on login button
17:50:35.993 [main] INFO  TestCases.TC_001LoginTest - accept alert popup
17:50:36.001 [main] INFO  TestCases.TC_001LoginTest - confirmation text is displayed or not
17:50:36.084 [main] INFO  TestCases.TC_001LoginTest - click on bars
17:50:36.159 [main] INFO  TestCases.TC_001LoginTest - click on logout button
17:50:36.812 [main] INFO  TestCases.TC_001LoginTest - ***** ending TC_002LoginTest*****
18:10:34.213 [main] DEBUG org.testng.TestNG - suiteXmlPath: "D:\RaghuJavaProject\HealthCareService\crossbrowsering.xml"
18:10:34.535 [main] INFO  org.testng.internal.Utils - [TestNG] Running:
  D:\RaghuJavaProject\HealthCareService\crossbrowsering.xml

18:10:43.502 [main] INFO  TestCases.TC_001LoginTest - ***** starting TC_002LoginTest*****
18:10:43.534 [main] INFO  TestCases.TC_001LoginTest - click on makeappointment button
18:10:44.065 [main] INFO  TestCases.TC_001LoginTest - enter username
18:10:44.211 [main] INFO  TestCases.TC_001LoginTest - enter password
18:10:44.367 [main] INFO  TestCases.TC_001LoginTest - click on login button
18:10:44.971 [main] INFO  TestCases.TC_001LoginTest - accept alert popup
18:10:45.004 [main] INFO  TestCases.TC_001LoginTest - confirmation text is displayed or not
18:10:45.053 [main] INFO  TestCases.TC_001LoginTest - click on bars
18:10:45.121 [main] INFO  TestCases.TC_001LoginTest - click on logout button
18:10:45.842 [main] INFO  TestCases.TC_001LoginTest - ***** ending TC_002LoginTest*****
18:10:54.541 [main] INFO  TestCases.TC_001LoginTest - ***** starting TC_002LoginTest*****
18:10:54.542 [main] INFO  TestCases.TC_001LoginTest - click on makeappointment button
18:10:54.564 [main] INFO  TestCases.TC_001LoginTest - test fails
18:10:54.565 [main] DEBUG TestCases.TC_001LoginTest - debug Test logs...
18:11:27.970 [main] DEBUG org.testng.TestNG - suiteXmlPath: "D:\RaghuJavaProject\HealthCareService\crossbrowsering.xml"
18:11:28.260 [main] INFO  org.testng.internal.Utils - [TestNG] Running:
  D:\RaghuJavaProject\HealthCareService\crossbrowsering.xml

18:11:36.939 [main] INFO  TestCases.TC_001LoginTest - ***** starting TC_002LoginTest*****
18:11:36.972 [main] INFO  TestCases.TC_001LoginTest - click on makeappointment button
18:11:37.674 [main] INFO  TestCases.TC_001LoginTest - enter username
18:11:37.834 [main] INFO  TestCases.TC_001LoginTest - enter password
18:11:38.005 [main] INFO  TestCases.TC_001LoginTest - click on login button
18:11:38.776 [main] INFO  TestCases.TC_001LoginTest - accept alert popup
18:11:38.803 [main] INFO  TestCases.TC_001LoginTest - confirmation text is displayed or not
18:11:38.859 [main] INFO  TestCases.TC_001LoginTest - click on bars
18:11:38.950 [main] INFO  TestCases.TC_001LoginTest - click on logout button
18:11:39.594 [main] INFO  TestCases.TC_001LoginTest - ***** ending TC_002LoginTest*****
18:11:53.318 [main] INFO  TestCases.TC_001LoginTest - ***** starting TC_002LoginTest*****
18:11:53.318 [main] INFO  TestCases.TC_001LoginTest - click on makeappointment button
18:11:53.906 [main] INFO  TestCases.TC_001LoginTest - enter username
18:11:54.112 [main] INFO  TestCases.TC_001LoginTest - enter password
18:11:54.259 [main] INFO  TestCases.TC_001LoginTest - click on login button
18:11:54.821 [main] INFO  TestCases.TC_001LoginTest - accept alert popup
18:11:54.826 [main] INFO  TestCases.TC_001LoginTest - confirmation text is displayed or not
18:11:54.914 [main] INFO  TestCases.TC_001LoginTest - click on bars
18:11:54.983 [main] INFO  TestCases.TC_001LoginTest - click on logout button
18:11:55.642 [main] INFO  TestCases.TC_001LoginTest - ***** ending TC_002LoginTest*****
18:20:51.933 [main] DEBUG org.testng.TestNG - suiteXmlPath: "D:\RaghuJavaProject\HealthCareService\crossbrowsering.xml"
18:20:52.246 [main] INFO  org.testng.internal.Utils - [TestNG] Running:
  D:\RaghuJavaProject\HealthCareService\crossbrowsering.xml

18:20:59.920 [main] INFO  TestCases.TC_001LoginTest - ***** starting TC_002LoginTest*****
18:20:59.953 [main] INFO  TestCases.TC_001LoginTest - click on makeappointment button
18:21:00.489 [main] INFO  TestCases.TC_001LoginTest - enter username
18:21:00.622 [main] INFO  TestCases.TC_001LoginTest - enter password
18:21:00.816 [main] INFO  TestCases.TC_001LoginTest - click on login button
18:21:01.876 [main] INFO  TestCases.TC_001LoginTest - accept alert popup
18:21:01.888 [main] INFO  TestCases.TC_001LoginTest - confirmation text is displayed or not
18:21:01.967 [main] INFO  TestCases.TC_001LoginTest - click on bars
18:21:02.030 [main] INFO  TestCases.TC_001LoginTest - click on logout button
18:21:02.604 [main] INFO  TestCases.TC_001LoginTest - ***** ending TC_002LoginTest*****
18:21:15.029 [main] INFO  TestCases.TC_001LoginTest - ***** starting TC_002LoginTest*****
18:21:15.031 [main] INFO  TestCases.TC_001LoginTest - click on makeappointment button
18:21:16.116 [main] INFO  TestCases.TC_001LoginTest - enter username
18:21:16.258 [main] INFO  TestCases.TC_001LoginTest - enter password
18:21:16.426 [main] INFO  TestCases.TC_001LoginTest - click on login button
18:21:18.006 [main] INFO  TestCases.TC_001LoginTest - accept alert popup
18:21:18.032 [main] INFO  TestCases.TC_001LoginTest - confirmation text is displayed or not
18:21:18.080 [main] INFO  TestCases.TC_001LoginTest - click on bars
18:21:18.179 [main] INFO  TestCases.TC_001LoginTest - click on logout button
18:21:19.128 [main] INFO  TestCases.TC_001LoginTest - ***** ending TC_002LoginTest*****
19:04:39.775 [main] DEBUG org.testng.TestNG - suiteXmlPath: "D:\RaghuJavaProject\HealthCareService\crossbrowsering.xml"
19:04:40.150 [main] INFO  org.testng.internal.Utils - [TestNG] Running:
  D:\RaghuJavaProject\HealthCareService\crossbrowsering.xml

19:04:48.308 [main] INFO  TestCases.TC_001LoginTest - ***** starting TC_002LoginTest*****
19:04:48.330 [main] INFO  TestCases.TC_001LoginTest - click on makeappointment button
19:04:48.778 [main] INFO  TestCases.TC_001LoginTest - enter username
19:04:48.924 [main] INFO  TestCases.TC_001LoginTest - enter password
19:04:49.083 [main] INFO  TestCases.TC_001LoginTest - click on login button
19:04:49.619 [main] INFO  TestCases.TC_001LoginTest - accept alert popup
19:04:49.630 [main] INFO  TestCases.TC_001LoginTest - confirmation text is displayed or not
19:04:49.704 [main] INFO  TestCases.TC_001LoginTest - click on bars
19:04:49.764 [main] INFO  TestCases.TC_001LoginTest - click on logout button
19:04:50.319 [main] INFO  TestCases.TC_001LoginTest - ***** ending TC_002LoginTest*****
19:05:01.003 [main] INFO  TestCases.TC_001LoginTest - ***** starting TC_002LoginTest*****
19:05:01.005 [main] INFO  TestCases.TC_001LoginTest - click on makeappointment button
19:05:01.516 [main] INFO  TestCases.TC_001LoginTest - enter username
19:05:01.690 [main] INFO  TestCases.TC_001LoginTest - enter password
19:05:01.993 [main] INFO  TestCases.TC_001LoginTest - click on login button
19:05:02.618 [main] INFO  TestCases.TC_001LoginTest - accept alert popup
19:05:02.623 [main] INFO  TestCases.TC_001LoginTest - confirmation text is displayed or not
19:05:02.663 [main] INFO  TestCases.TC_001LoginTest - click on bars
19:05:02.724 [main] INFO  TestCases.TC_001LoginTest - click on logout button
19:05:03.289 [main] INFO  TestCases.TC_001LoginTest - ***** ending TC_002LoginTest*****
19:09:28.048 [main] DEBUG org.testng.TestNG - suiteXmlPath: "D:\RaghuJavaProject\HealthCareService\crossbrowsering.xml"
19:09:28.386 [main] INFO  org.testng.internal.Utils - [TestNG] Running:
  D:\RaghuJavaProject\HealthCareService\crossbrowsering.xml

19:09:35.571 [main] INFO  TestCases.TC_001LoginTest - ***** starting TC_002LoginTest*****
19:09:35.600 [main] INFO  TestCases.TC_001LoginTest - click on makeappointment button
19:09:36.022 [main] INFO  TestCases.TC_001LoginTest - enter username
19:09:36.177 [main] INFO  TestCases.TC_001LoginTest - enter password
19:09:36.329 [main] INFO  TestCases.TC_001LoginTest - click on login button
19:09:36.960 [main] INFO  TestCases.TC_001LoginTest - accept alert popup
19:09:36.974 [main] INFO  TestCases.TC_001LoginTest - confirmation text is displayed or not
19:09:37.022 [main] INFO  TestCases.TC_001LoginTest - click on bars
19:09:37.079 [main] INFO  TestCases.TC_001LoginTest - click on logout button
19:09:38.035 [main] INFO  TestCases.TC_001LoginTest - ***** ending TC_002LoginTest*****
19:09:49.571 [main] INFO  TestCases.TC_001LoginTest - ***** starting TC_002LoginTest*****
19:09:49.573 [main] INFO  TestCases.TC_001LoginTest - click on makeappointment button
19:09:50.182 [main] INFO  TestCases.TC_001LoginTest - enter username
19:09:50.555 [main] INFO  TestCases.TC_001LoginTest - enter password
19:09:50.760 [main] INFO  TestCases.TC_001LoginTest - click on login button
19:09:51.372 [main] INFO  TestCases.TC_001LoginTest - accept alert popup
19:09:51.395 [main] INFO  TestCases.TC_001LoginTest - confirmation text is displayed or not
19:09:51.430 [main] INFO  TestCases.TC_001LoginTest - click on bars
19:09:51.501 [main] INFO  TestCases.TC_001LoginTest - click on logout button
19:09:52.082 [main] INFO  TestCases.TC_001LoginTest - ***** ending TC_002LoginTest*****
19:17:14.907 [main] DEBUG org.testng.TestNG - suiteXmlPath: "D:\RaghuJavaProject\HealthCareService\crossbrowsering.xml"
19:17:15.235 [main] INFO  org.testng.internal.Utils - [TestNG] Running:
  D:\RaghuJavaProject\HealthCareService\crossbrowsering.xml

19:17:24.480 [main] INFO  TestCases.TC_001LoginTest - ***** starting TC_002LoginTest*****
19:17:24.518 [main] INFO  TestCases.TC_001LoginTest - click on makeappointment button
19:17:25.034 [main] INFO  TestCases.TC_001LoginTest - enter username
19:17:25.171 [main] INFO  TestCases.TC_001LoginTest - enter password
19:17:25.346 [main] INFO  TestCases.TC_001LoginTest - click on login button
19:17:26.016 [main] INFO  TestCases.TC_001LoginTest - accept alert popup
19:17:26.033 [main] INFO  TestCases.TC_001LoginTest - confirmation text is displayed or not
19:17:26.117 [main] INFO  TestCases.TC_001LoginTest - click on bars
19:17:26.187 [main] INFO  TestCases.TC_001LoginTest - click on logout button
19:17:26.845 [main] INFO  TestCases.TC_001LoginTest - ***** ending TC_002LoginTest*****
19:17:40.127 [main] INFO  TestCases.TC_001LoginTest - ***** starting TC_002LoginTest*****
19:17:40.127 [main] INFO  TestCases.TC_001LoginTest - click on makeappointment button
19:17:41.033 [main] INFO  TestCases.TC_001LoginTest - enter username
19:17:41.179 [main] INFO  TestCases.TC_001LoginTest - enter password
19:17:41.349 [main] INFO  TestCases.TC_001LoginTest - click on login button
19:17:42.476 [main] INFO  TestCases.TC_001LoginTest - accept alert popup
19:17:42.485 [main] INFO  TestCases.TC_001LoginTest - confirmation text is displayed or not
19:17:42.541 [main] INFO  TestCases.TC_001LoginTest - click on bars
19:17:42.629 [main] INFO  TestCases.TC_001LoginTest - click on logout button
19:17:43.469 [main] INFO  TestCases.TC_001LoginTest - ***** ending TC_002LoginTest*****
19:22:38.905 [main] DEBUG org.testng.TestNG - suiteXmlPath: "D:\RaghuJavaProject\HealthCareService\crossbrowsering.xml"
19:22:39.197 [main] INFO  org.testng.internal.Utils - [TestNG] Running:
  D:\RaghuJavaProject\HealthCareService\crossbrowsering.xml

19:22:47.043 [main] INFO  TestCases.TC_001LoginTest - ***** starting TC_002LoginTest*****
19:22:47.070 [main] INFO  TestCases.TC_001LoginTest - click on makeappointment button
19:22:47.526 [main] INFO  TestCases.TC_001LoginTest - enter username
19:22:47.672 [main] INFO  TestCases.TC_001LoginTest - enter password
19:22:47.860 [main] INFO  TestCases.TC_001LoginTest - click on login button
19:22:49.018 [main] INFO  TestCases.TC_001LoginTest - accept alert popup
19:22:49.040 [main] INFO  TestCases.TC_001LoginTest - confirmation text is displayed or not
19:22:49.099 [main] INFO  TestCases.TC_001LoginTest - click on bars
19:22:49.168 [main] INFO  TestCases.TC_001LoginTest - click on logout button
19:22:49.754 [main] INFO  TestCases.TC_001LoginTest - ***** ending TC_002LoginTest*****
19:23:03.086 [main] INFO  TestCases.TC_001LoginTest - ***** starting TC_002LoginTest*****
19:23:03.088 [main] INFO  TestCases.TC_001LoginTest - click on makeappointment button
19:23:03.906 [main] INFO  TestCases.TC_001LoginTest - enter username
19:23:04.082 [main] INFO  TestCases.TC_001LoginTest - enter password
19:23:04.394 [main] INFO  TestCases.TC_001LoginTest - click on login button
19:23:05.087 [main] INFO  TestCases.TC_001LoginTest - accept alert popup
19:23:05.120 [main] INFO  TestCases.TC_001LoginTest - confirmation text is displayed or not
19:23:05.159 [main] INFO  TestCases.TC_001LoginTest - click on bars
19:23:05.240 [main] INFO  TestCases.TC_001LoginTest - click on logout button
19:23:05.863 [main] INFO  TestCases.TC_001LoginTest - ***** ending TC_002LoginTest*****
19:26:20.078 [main] DEBUG org.testng.TestNG - suiteXmlPath: "D:\RaghuJavaProject\HealthCareService\crossbrowsering.xml"
19:26:20.387 [main] INFO  org.testng.internal.Utils - [TestNG] Running:
  D:\RaghuJavaProject\HealthCareService\crossbrowsering.xml

19:26:28.203 [main] INFO  TestCases.TC_001LoginTest - ***** starting TC_002LoginTest*****
19:26:28.237 [main] INFO  TestCases.TC_001LoginTest - click on makeappointment button
19:26:28.732 [main] INFO  TestCases.TC_001LoginTest - enter username
19:26:28.886 [main] INFO  TestCases.TC_001LoginTest - enter password
19:26:29.057 [main] INFO  TestCases.TC_001LoginTest - click on login button
19:26:30.345 [main] INFO  TestCases.TC_001LoginTest - accept alert popup
19:26:30.385 [main] INFO  TestCases.TC_001LoginTest - confirmation text is displayed or not
19:26:30.435 [main] INFO  TestCases.TC_001LoginTest - click on bars
19:26:30.503 [main] INFO  TestCases.TC_001LoginTest - click on logout button
19:26:31.126 [main] INFO  TestCases.TC_001LoginTest - ***** ending TC_002LoginTest*****
19:26:44.193 [main] INFO  TestCases.TC_001LoginTest - ***** starting TC_002LoginTest*****
19:26:44.193 [main] INFO  TestCases.TC_001LoginTest - click on makeappointment button
19:26:44.849 [main] INFO  TestCases.TC_001LoginTest - enter username
19:26:45.088 [main] INFO  TestCases.TC_001LoginTest - enter password
19:26:45.319 [main] INFO  TestCases.TC_001LoginTest - click on login button
19:26:45.999 [main] INFO  TestCases.TC_001LoginTest - accept alert popup
19:26:46.014 [main] INFO  TestCases.TC_001LoginTest - confirmation text is displayed or not
19:26:46.055 [main] INFO  TestCases.TC_001LoginTest - click on bars
19:26:46.136 [main] INFO  TestCases.TC_001LoginTest - click on logout button
19:26:46.755 [main] INFO  TestCases.TC_001LoginTest - ***** ending TC_002LoginTest*****
19:28:12.267 [main] DEBUG org.testng.TestNG - suiteXmlPath: "D:\RaghuJavaProject\HealthCareService\crossbrowsering.xml"
19:28:12.555 [main] INFO  org.testng.internal.Utils - [TestNG] Running:
  D:\RaghuJavaProject\HealthCareService\crossbrowsering.xml

19:28:20.870 [main] INFO  TestCases.TC_001LoginTest - ***** starting TC_002LoginTest*****
19:28:20.903 [main] INFO  TestCases.TC_001LoginTest - click on makeappointment button
19:28:21.401 [main] INFO  TestCases.TC_001LoginTest - enter username
19:28:21.542 [main] INFO  TestCases.TC_001LoginTest - enter password
19:28:21.723 [main] INFO  TestCases.TC_001LoginTest - click on login button
19:28:22.867 [main] INFO  TestCases.TC_001LoginTest - accept alert popup
19:28:22.883 [main] INFO  TestCases.TC_001LoginTest - confirmation text is displayed or not
19:28:22.953 [main] INFO  TestCases.TC_001LoginTest - click on bars
19:28:23.017 [main] INFO  TestCases.TC_001LoginTest - click on logout button
19:28:23.593 [main] INFO  TestCases.TC_001LoginTest - ***** ending TC_002LoginTest*****
19:28:34.089 [main] INFO  TestCases.TC_001LoginTest - ***** starting TC_002LoginTest*****
19:28:34.089 [main] INFO  TestCases.TC_001LoginTest - click on makeappointment button
19:28:34.596 [main] INFO  TestCases.TC_001LoginTest - enter username
19:28:34.723 [main] INFO  TestCases.TC_001LoginTest - enter password
19:28:34.924 [main] INFO  TestCases.TC_001LoginTest - click on login button
19:28:35.529 [main] INFO  TestCases.TC_001LoginTest - accept alert popup
19:28:35.562 [main] INFO  TestCases.TC_001LoginTest - confirmation text is displayed or not
19:28:35.607 [main] INFO  TestCases.TC_001LoginTest - click on bars
19:28:35.694 [main] INFO  TestCases.TC_001LoginTest - click on logout button
19:28:36.316 [main] INFO  TestCases.TC_001LoginTest - ***** ending TC_002LoginTest*****
19:34:41.087 [main] DEBUG org.testng.TestNG - suiteXmlPath: "D:\RaghuJavaProject\HealthCareService\crossbrowsering.xml"
19:34:41.465 [main] INFO  org.testng.internal.Utils - [TestNG] Running:
  D:\RaghuJavaProject\HealthCareService\crossbrowsering.xml

19:34:50.319 [main] INFO  TestCases.TC_001LoginTest - ***** starting TC_002LoginTest*****
19:34:50.355 [main] INFO  TestCases.TC_001LoginTest - click on makeappointment button
19:34:51.126 [main] INFO  TestCases.TC_001LoginTest - enter username
19:34:51.286 [main] INFO  TestCases.TC_001LoginTest - enter password
19:34:51.459 [main] INFO  TestCases.TC_001LoginTest - click on login button
19:34:52.065 [main] INFO  TestCases.TC_001LoginTest - accept alert popup
19:34:52.078 [main] INFO  TestCases.TC_001LoginTest - confirmation text is displayed or not
19:34:52.121 [main] INFO  TestCases.TC_001LoginTest - click on bars
19:34:52.178 [main] INFO  TestCases.TC_001LoginTest - click on logout button
19:34:52.778 [main] INFO  TestCases.TC_001LoginTest - ***** ending TC_002LoginTest*****
19:35:05.591 [main] INFO  TestCases.TC_001LoginTest - ***** starting TC_002LoginTest*****
19:35:05.591 [main] INFO  TestCases.TC_001LoginTest - click on makeappointment button
19:35:06.145 [main] INFO  TestCases.TC_001LoginTest - enter username
19:35:06.325 [main] INFO  TestCases.TC_001LoginTest - enter password
19:35:06.502 [main] INFO  TestCases.TC_001LoginTest - click on login button
19:35:07.946 [main] INFO  TestCases.TC_001LoginTest - accept alert popup
19:35:07.953 [main] INFO  TestCases.TC_001LoginTest - confirmation text is displayed or not
19:35:08.038 [main] INFO  TestCases.TC_001LoginTest - click on bars
19:35:08.134 [main] INFO  TestCases.TC_001LoginTest - click on logout button
19:35:08.804 [main] INFO  TestCases.TC_001LoginTest - ***** ending TC_002LoginTest*****
19:37:44.450 [main] DEBUG org.testng.TestNG - suiteXmlPath: "D:\RaghuJavaProject\HealthCareService\crossbrowsering.xml"
19:37:44.822 [main] INFO  org.testng.internal.Utils - [TestNG] Running:
  D:\RaghuJavaProject\HealthCareService\crossbrowsering.xml

19:37:52.830 [main] INFO  TestCases.TC_001LoginTest - ***** starting TC_002LoginTest*****
19:37:52.858 [main] INFO  TestCases.TC_001LoginTest - click on makeappointment button
19:37:53.408 [main] INFO  TestCases.TC_001LoginTest - enter username
19:37:53.563 [main] INFO  TestCases.TC_001LoginTest - enter password
19:37:53.742 [main] INFO  TestCases.TC_001LoginTest - click on login button
19:37:54.341 [main] INFO  TestCases.TC_001LoginTest - accept alert popup
19:37:54.354 [main] INFO  TestCases.TC_001LoginTest - confirmation text is displayed or not
19:37:54.412 [main] INFO  TestCases.TC_001LoginTest - click on bars
19:37:54.480 [main] INFO  TestCases.TC_001LoginTest - click on logout button
19:37:56.424 [main] INFO  TestCases.TC_001LoginTest - ***** ending TC_002LoginTest*****
19:38:11.485 [main] INFO  TestCases.TC_001LoginTest - ***** starting TC_002LoginTest*****
19:38:11.489 [main] INFO  TestCases.TC_001LoginTest - click on makeappointment button
19:38:12.179 [main] INFO  TestCases.TC_001LoginTest - enter username
19:38:12.342 [main] INFO  TestCases.TC_001LoginTest - enter password
19:38:12.537 [main] INFO  TestCases.TC_001LoginTest - click on login button
19:38:13.236 [main] INFO  TestCases.TC_001LoginTest - accept alert popup
19:38:13.243 [main] INFO  TestCases.TC_001LoginTest - confirmation text is displayed or not
19:38:13.308 [main] INFO  TestCases.TC_001LoginTest - click on bars
19:38:13.396 [main] INFO  TestCases.TC_001LoginTest - click on logout button
19:38:14.131 [main] INFO  TestCases.TC_001LoginTest - ***** ending TC_002LoginTest*****
19:38:31.594 [main] INFO  TestCases.TC_001LoginTest - ***** starting TC_002LoginTest*****
19:38:31.594 [main] INFO  TestCases.TC_001LoginTest - click on makeappointment button
19:38:32.143 [main] INFO  TestCases.TC_001LoginTest - enter username
19:38:32.250 [main] INFO  TestCases.TC_001LoginTest - enter password
19:38:32.295 [main] INFO  TestCases.TC_001LoginTest - click on login button
19:38:32.962 [main] INFO  TestCases.TC_001LoginTest - accept alert popup
19:38:32.978 [main] INFO  TestCases.TC_001LoginTest - confirmation text is displayed or not
19:38:32.993 [main] INFO  TestCases.TC_001LoginTest - click on bars
19:38:33.248 [main] INFO  TestCases.TC_001LoginTest - click on logout button
19:38:33.867 [main] INFO  TestCases.TC_001LoginTest - ***** ending TC_002LoginTest*****
19:44:46.449 [main] DEBUG org.testng.TestNG - suiteXmlPath: "D:\RaghuJavaProject\HealthCareService\Master.xml"
19:44:46.811 [main] INFO  org.testng.internal.Utils - [TestNG] Running:
  D:\RaghuJavaProject\HealthCareService\Master.xml

19:44:59.677 [main] INFO  TestCases.TC_001LoginTest - ***** starting TC_002LoginTest*****
19:44:59.715 [main] INFO  TestCases.TC_001LoginTest - click on makeappointment button
19:45:00.150 [main] INFO  TestCases.TC_001LoginTest - enter username
19:45:00.291 [main] INFO  TestCases.TC_001LoginTest - enter password
19:45:00.478 [main] INFO  TestCases.TC_001LoginTest - click on login button
19:45:01.095 [main] INFO  TestCases.TC_001LoginTest - accept alert popup
19:45:01.106 [main] INFO  TestCases.TC_001LoginTest - confirmation text is displayed or not
19:45:01.158 [main] INFO  TestCases.TC_001LoginTest - click on bars
19:45:01.232 [main] INFO  TestCases.TC_001LoginTest - click on logout button
19:45:02.155 [main] INFO  TestCases.TC_001LoginTest - ***** ending TC_002LoginTest*****
20:19:29.617 [main] DEBUG org.testng.TestNG - suiteXmlPath: "D:\RaghuJavaProject\HealthCareService\crossbrowsering.xml"
20:19:29.949 [main] INFO  org.testng.internal.Utils - [TestNG] Running:
  D:\RaghuJavaProject\HealthCareService\crossbrowsering.xml

20:19:37.156 [main] INFO  TestCases.TC_001LoginTest - ***** starting TC_002LoginTest*****
20:19:37.176 [main] INFO  TestCases.TC_001LoginTest - click on makeappointment button
20:19:37.615 [main] INFO  TestCases.TC_001LoginTest - enter username
20:19:37.774 [main] INFO  TestCases.TC_001LoginTest - enter password
20:19:37.928 [main] INFO  TestCases.TC_001LoginTest - click on login button
20:19:38.474 [main] INFO  TestCases.TC_001LoginTest - accept alert popup
20:19:38.487 [main] INFO  TestCases.TC_001LoginTest - confirmation text is displayed or not
20:19:38.595 [main] INFO  TestCases.TC_001LoginTest - click on bars
20:19:38.651 [main] INFO  TestCases.TC_001LoginTest - click on logout button
20:19:39.207 [main] INFO  TestCases.TC_001LoginTest - ***** ending TC_002LoginTest*****
20:19:50.936 [main] INFO  TestCases.TC_001LoginTest - ***** starting TC_002LoginTest*****
20:19:50.937 [main] INFO  TestCases.TC_001LoginTest - click on makeappointment button
20:19:51.542 [main] INFO  TestCases.TC_001LoginTest - enter username
20:19:51.692 [main] INFO  TestCases.TC_001LoginTest - enter password
20:19:51.854 [main] INFO  TestCases.TC_001LoginTest - click on login button
20:19:52.556 [main] INFO  TestCases.TC_001LoginTest - accept alert popup
20:19:52.587 [main] INFO  TestCases.TC_001LoginTest - confirmation text is displayed or not
20:19:52.635 [main] INFO  TestCases.TC_001LoginTest - click on bars
20:19:52.717 [main] INFO  TestCases.TC_001LoginTest - click on logout button
20:19:53.484 [main] INFO  TestCases.TC_001LoginTest - ***** ending TC_002LoginTest*****
20:20:06.945 [main] INFO  TestCases.TC_001LoginTest - ***** starting TC_002LoginTest*****
20:20:06.945 [main] INFO  TestCases.TC_001LoginTest - click on makeappointment button
20:20:07.331 [main] INFO  TestCases.TC_001LoginTest - enter username
20:20:07.410 [main] INFO  TestCases.TC_001LoginTest - enter password
20:20:07.448 [main] INFO  TestCases.TC_001LoginTest - click on login button
20:20:07.996 [main] INFO  TestCases.TC_001LoginTest - accept alert popup
20:20:08.000 [main] INFO  TestCases.TC_001LoginTest - confirmation text is displayed or not
20:20:08.028 [main] INFO  TestCases.TC_001LoginTest - click on bars
20:20:08.248 [main] INFO  TestCases.TC_001LoginTest - click on logout button
20:20:08.815 [main] INFO  TestCases.TC_001LoginTest - ***** ending TC_002LoginTest*****
